<?xml version="1.0" encoding="UTF-8"?>
<testsuite xmlns:xsi="http://www.w3.org/2001/XMLSchema-instance" xsi:noNamespaceSchemaLocation="https://maven.apache.org/surefire/maven-surefire-plugin/xsd/surefire-test-report-3.0.xsd" version="3.0" name="com.bezkoder.spring.jpa.h2.controller.TutorialControllerTest" time="0.867" tests="10" errors="0" skipped="0" failures="0">
  <properties>
[...]
</properties>
  <testcase name="createTutorial_WithValidTutorial_ReturnsCreated" classname="com.bezkoder.spring.jpa.h2.controller.TutorialControllerTest" time="0.677">
    <system-out><![CDATA[2024-01-02 11:50:18 - Entering createTutorial method
2024-01-02 11:50:18 - Tutorial data received: Tutorial [id=0, title=Spring, desc=Spring Description, published=false]
2024-01-02 11:50:18 - Created tutorial with ID: 0
2024-01-02 11:50:18 - Exiting createTutorial method
]]></system-out>
  </testcase>
  <testcase name="getTutorialById_WithNonExistingId_ReturnsNotFound" classname="com.bezkoder.spring.jpa.h2.controller.TutorialControllerTest" time="0.017">
    <system-out><![CDATA[2024-01-02 11:50:18 - Entering getTutorialById method with ID: 1
2024-01-02 11:50:18 - No tutorial found with ID: 1
2024-01-02 11:50:18 - Exiting getTutorialById method
]]></system-out>
  </testcase>
  <testcase name="getAllTutorials_WithoutTitleFilter_ReturnsEmptyList" classname="com.bezkoder.spring.jpa.h2.controller.TutorialControllerTest" time="0.015">
    <system-out><![CDATA[2024-01-02 11:50:18 - Entering getAllTutorials method with title filter: null
2024-01-02 11:50:18 - No tutorials found with title filter: null
2024-01-02 11:50:18 - Exiting getAllTutorials method
]]></system-out>
  </testcase>
  <testcase name="updateTutorial_WithNonExistingId_ReturnsNotFound" classname="com.bezkoder.spring.jpa.h2.controller.TutorialControllerTest" time="0.015">
    <system-out><![CDATA[2024-01-02 11:50:18 - Entering updateTutorial method with ID: 1 and data: Tutorial [id=0, title=Updated Title, desc=Updated Description, published=true]
2024-01-02 11:50:18 - No tutorial found to update with ID: 1
2024-01-02 11:50:18 - Exiting updateTutorial method
]]></system-out>
  </testcase>
  <testcase name="getTutorialById_WithExistingId_ReturnsTutorial" classname="com.bezkoder.spring.jpa.h2.controller.TutorialControllerTest" time="0.013">
    <system-out><![CDATA[2024-01-02 11:50:18 - Entering getTutorialById method with ID: 1
2024-01-02 11:50:18 - Found tutorial with ID: 1
2024-01-02 11:50:18 - Exiting getTutorialById method
]]></system-out>
  </testcase>
  <testcase name="deleteTutorial_WithExistingId_ReturnsNoContent" classname="com.bezkoder.spring.jpa.h2.controller.TutorialControllerTest" time="0.032">
    <system-out><![CDATA[2024-01-02 11:50:18 - Entering deleteTutorial method with ID: 1
2024-01-02 11:50:18 - Deleted tutorial with ID: 1
2024-01-02 11:50:18 - Exiting deleteTutorial method
]]></system-out>
  </testcase>
  <testcase name="findByPublished_WhenCalled_ReturnsList" classname="com.bezkoder.spring.jpa.h2.controller.TutorialControllerTest" time="0.015">
    <system-out><![CDATA[2024-01-02 11:50:18 - Entering findByPublished method
2024-01-02 11:50:18 - Found 1 published tutorials
2024-01-02 11:50:18 - Exiting findByPublished method
]]></system-out>
  </testcase>
  <testcase name="getAllTutorials_WithTitleFilter_ReturnsNonEmptyList" classname="com.bezkoder.spring.jpa.h2.controller.TutorialControllerTest" time="0.018">
    <system-out><![CDATA[2024-01-02 11:50:18 - Entering getAllTutorials method with title filter: Java
2024-01-02 11:50:18 - Found 1 tutorials with title filter: Java
2024-01-02 11:50:18 - Exiting getAllTutorials method
]]></system-out>
  </testcase>
  <testcase name="deleteTutorial_WithNonExistingId_ReturnsNotFound" classname="com.bezkoder.spring.jpa.h2.controller.TutorialControllerTest" time="0.014">
    <system-out><![CDATA[2024-01-02 11:50:18 - Entering deleteTutorial method with ID: 1
2024-01-02 11:50:18 - Exception in deleteTutorial method for ID '1'. Error: java.lang.RuntimeException: Tutorial not found
2024-01-02 11:50:18 - Exiting deleteTutorial method
]]></system-out>
  </testcase>
  <testcase name="updateTutorial_WithExistingId_ReturnsUpdatedTutorial" classname="com.bezkoder.spring.jpa.h2.controller.TutorialControllerTest" time="0.019">
    <system-out><![CDATA[2024-01-02 11:50:18 - Entering updateTutorial method with ID: 1 and data: Tutorial [id=0, title=Updated Title, desc=Updated Description, published=true]
2024-01-02 11:50:18 - Before update: Tutorial [id=0, title=Java, desc=Java Description, published=true]
2024-01-02 11:50:18 - Updated tutorial. Before: Tutorial [id=0, title=Updated Title, desc=Updated Description, published=true], After: Tutorial [id=0, title=Updated Title, desc=Updated Description, published=true]
2024-01-02 11:50:18 - Exiting updateTutorial method
]]></system-out>
  </testcase>
</testsuite>